[2016-05-17 06:02:13] production.ERROR: exception 'RuntimeException' with message 'No supported encrypter found. The cipher and / or key length are invalid.' in E:\code\blog\bootstrap\cache\compiled.php:6904
Stack trace:
#0 E:\code\blog\bootstrap\cache\compiled.php(1057): Illuminate\Encryption\EncryptionServiceProvider->Illuminate\Encryption\{closure}(Object(Illuminate\Foundation\Application), Array)
#1 E:\code\blog\bootstrap\cache\compiled.php(1010): Illuminate\Container\Container->build(Object(Closure), Array)
#2 E:\code\blog\bootstrap\cache\compiled.php(1536): Illuminate\Container\Container->make('encrypter', Array)
#3 E:\code\blog\bootstrap\cache\compiled.php(1102): Illuminate\Foundation\Application->make('Illuminate\\Cont...')
#4 E:\code\blog\bootstrap\cache\compiled.php(1086): Illuminate\Container\Container->resolveClass(Object(ReflectionParameter))
#5 E:\code\blog\bootstrap\cache\compiled.php(1072): Illuminate\Container\Container->getDependencies(Array, Array)
#6 E:\code\blog\bootstrap\cache\compiled.php(1010): Illuminate\Container\Container->build('App\\Http\\Middle...', Array)
#7 E:\code\blog\bootstrap\cache\compiled.php(1536): Illuminate\Container\Container->make('App\\Http\\Middle...', Array)
#8 E:\code\blog\bootstrap\cache\compiled.php(9384): Illuminate\Foundation\Application->make('App\\Http\\Middle...')
#9 E:\code\blog\bootstrap\cache\compiled.php(2656): Illuminate\Pipeline\Pipeline->Illuminate\Pipeline\{closure}(Object(Illuminate\Http\Request))
#10 [internal function]: Illuminate\Foundation\Http\Middleware\CheckForMaintenanceMode->handle(Object(Illuminate\Http\Request), Object(Closure))
#11 E:\code\blog\bootstrap\cache\compiled.php(9384): call_user_func_array(Array, Array)
#12 [internal function]: Illuminate\Pipeline\Pipeline->Illuminate\Pipeline\{closure}(Object(Illuminate\Http\Request))
#13 E:\code\blog\bootstrap\cache\compiled.php(9374): call_user_func(Object(Closure), Object(Illuminate\Http\Request))
#14 E:\code\blog\bootstrap\cache\compiled.php(1997): Illuminate\Pipeline\Pipeline->then(Object(Closure))
#15 E:\code\blog\bootstrap\cache\compiled.php(1983): Illuminate\Foundation\Http\Kernel->sendRequestThroughRouter(Object(Illuminate\Http\Request))
#16 E:\code\blog\public\index.php(64): Illuminate\Foundation\Http\Kernel->handle(Object(Illuminate\Http\Request))
#17 {main}  
[2016-05-17 06:02:13] production.ERROR: exception 'RuntimeException' with message 'No supported encrypter found. The cipher and / or key length are invalid.' in E:\code\blog\bootstrap\cache\compiled.php:6904
Stack trace:
#0 E:\code\blog\bootstrap\cache\compiled.php(1057): Illuminate\Encryption\EncryptionServiceProvider->Illuminate\Encryption\{closure}(Object(Illuminate\Foundation\Application), Array)
#1 E:\code\blog\bootstrap\cache\compiled.php(1010): Illuminate\Container\Container->build(Object(Closure), Array)
#2 E:\code\blog\bootstrap\cache\compiled.php(1536): Illuminate\Container\Container->make('encrypter', Array)
#3 E:\code\blog\bootstrap\cache\compiled.php(1102): Illuminate\Foundation\Application->make('Illuminate\\Cont...')
#4 E:\code\blog\bootstrap\cache\compiled.php(1086): Illuminate\Container\Container->resolveClass(Object(ReflectionParameter))
#5 E:\code\blog\bootstrap\cache\compiled.php(1072): Illuminate\Container\Container->getDependencies(Array, Array)
#6 E:\code\blog\bootstrap\cache\compiled.php(1010): Illuminate\Container\Container->build('App\\Http\\Middle...', Array)
#7 E:\code\blog\bootstrap\cache\compiled.php(1536): Illuminate\Container\Container->make('App\\Http\\Middle...', Array)
#8 E:\code\blog\bootstrap\cache\compiled.php(2004): Illuminate\Foundation\Application->make('App\\Http\\Middle...')
#9 E:\code\blog\public\index.php(68): Illuminate\Foundation\Http\Kernel->terminate(Object(Illuminate\Http\Request), Object(Illuminate\Http\Response))
#10 {main}  
[2016-05-17 06:05:15] production.ERROR: exception 'RuntimeException' with message 'No supported encrypter found. The cipher and / or key length are invalid.' in E:\code\blog\bootstrap\cache\compiled.php:6904
Stack trace:
#0 E:\code\blog\bootstrap\cache\compiled.php(1057): Illuminate\Encryption\EncryptionServiceProvider->Illuminate\Encryption\{closure}(Object(Illuminate\Foundation\Application), Array)
#1 E:\code\blog\bootstrap\cache\compiled.php(1010): Illuminate\Container\Container->build(Object(Closure), Array)
#2 E:\code\blog\bootstrap\cache\compiled.php(1536): Illuminate\Container\Container->make('encrypter', Array)
#3 E:\code\blog\bootstrap\cache\compiled.php(1102): Illuminate\Foundation\Application->make('Illuminate\\Cont...')
#4 E:\code\blog\bootstrap\cache\compiled.php(1086): Illuminate\Container\Container->resolveClass(Object(ReflectionParameter))
#5 E:\code\blog\bootstrap\cache\compiled.php(1072): Illuminate\Container\Container->getDependencies(Array, Array)
#6 E:\code\blog\bootstrap\cache\compiled.php(1010): Illuminate\Container\Container->build('App\\Http\\Middle...', Array)
#7 E:\code\blog\bootstrap\cache\compiled.php(1536): Illuminate\Container\Container->make('App\\Http\\Middle...', Array)
#8 E:\code\blog\bootstrap\cache\compiled.php(9384): Illuminate\Foundation\Application->make('App\\Http\\Middle...')
#9 E:\code\blog\bootstrap\cache\compiled.php(2656): Illuminate\Pipeline\Pipeline->Illuminate\Pipeline\{closure}(Object(Illuminate\Http\Request))
#10 [internal function]: Illuminate\Foundation\Http\Middleware\CheckForMaintenanceMode->handle(Object(Illuminate\Http\Request), Object(Closure))
#11 E:\code\blog\bootstrap\cache\compiled.php(9384): call_user_func_array(Array, Array)
#12 [internal function]: Illuminate\Pipeline\Pipeline->Illuminate\Pipeline\{closure}(Object(Illuminate\Http\Request))
#13 E:\code\blog\bootstrap\cache\compiled.php(9374): call_user_func(Object(Closure), Object(Illuminate\Http\Request))
#14 E:\code\blog\bootstrap\cache\compiled.php(1997): Illuminate\Pipeline\Pipeline->then(Object(Closure))
#15 E:\code\blog\bootstrap\cache\compiled.php(1983): Illuminate\Foundation\Http\Kernel->sendRequestThroughRouter(Object(Illuminate\Http\Request))
#16 E:\code\blog\public\index.php(64): Illuminate\Foundation\Http\Kernel->handle(Object(Illuminate\Http\Request))
#17 {main}  
[2016-05-17 06:05:15] production.ERROR: exception 'RuntimeException' with message 'No supported encrypter found. The cipher and / or key length are invalid.' in E:\code\blog\bootstrap\cache\compiled.php:6904
Stack trace:
#0 E:\code\blog\bootstrap\cache\compiled.php(1057): Illuminate\Encryption\EncryptionServiceProvider->Illuminate\Encryption\{closure}(Object(Illuminate\Foundation\Application), Array)
#1 E:\code\blog\bootstrap\cache\compiled.php(1010): Illuminate\Container\Container->build(Object(Closure), Array)
#2 E:\code\blog\bootstrap\cache\compiled.php(1536): Illuminate\Container\Container->make('encrypter', Array)
#3 E:\code\blog\bootstrap\cache\compiled.php(1102): Illuminate\Foundation\Application->make('Illuminate\\Cont...')
#4 E:\code\blog\bootstrap\cache\compiled.php(1086): Illuminate\Container\Container->resolveClass(Object(ReflectionParameter))
#5 E:\code\blog\bootstrap\cache\compiled.php(1072): Illuminate\Container\Container->getDependencies(Array, Array)
#6 E:\code\blog\bootstrap\cache\compiled.php(1010): Illuminate\Container\Container->build('App\\Http\\Middle...', Array)
#7 E:\code\blog\bootstrap\cache\compiled.php(1536): Illuminate\Container\Container->make('App\\Http\\Middle...', Array)
#8 E:\code\blog\bootstrap\cache\compiled.php(2004): Illuminate\Foundation\Application->make('App\\Http\\Middle...')
#9 E:\code\blog\public\index.php(68): Illuminate\Foundation\Http\Kernel->terminate(Object(Illuminate\Http\Request), Object(Illuminate\Http\Response))
#10 {main}  
[2016-05-17 06:06:27] local.ERROR: exception 'RuntimeException' with message 'No supported encrypter found. The cipher and / or key length are invalid.' in E:\code\blog\bootstrap\cache\compiled.php:6904
Stack trace:
#0 E:\code\blog\bootstrap\cache\compiled.php(1057): Illuminate\Encryption\EncryptionServiceProvider->Illuminate\Encryption\{closure}(Object(Illuminate\Foundation\Application), Array)
#1 E:\code\blog\bootstrap\cache\compiled.php(1010): Illuminate\Container\Container->build(Object(Closure), Array)
#2 E:\code\blog\bootstrap\cache\compiled.php(1536): Illuminate\Container\Container->make('encrypter', Array)
#3 E:\code\blog\bootstrap\cache\compiled.php(1102): Illuminate\Foundation\Application->make('Illuminate\\Cont...')
#4 E:\code\blog\bootstrap\cache\compiled.php(1086): Illuminate\Container\Container->resolveClass(Object(ReflectionParameter))
#5 E:\code\blog\bootstrap\cache\compiled.php(1072): Illuminate\Container\Container->getDependencies(Array, Array)
#6 E:\code\blog\bootstrap\cache\compiled.php(1010): Illuminate\Container\Container->build('App\\Http\\Middle...', Array)
#7 E:\code\blog\bootstrap\cache\compiled.php(1536): Illuminate\Container\Container->make('App\\Http\\Middle...', Array)
#8 E:\code\blog\bootstrap\cache\compiled.php(9384): Illuminate\Foundation\Application->make('App\\Http\\Middle...')
#9 E:\code\blog\bootstrap\cache\compiled.php(2656): Illuminate\Pipeline\Pipeline->Illuminate\Pipeline\{closure}(Object(Illuminate\Http\Request))
#10 [internal function]: Illuminate\Foundation\Http\Middleware\CheckForMaintenanceMode->handle(Object(Illuminate\Http\Request), Object(Closure))
#11 E:\code\blog\bootstrap\cache\compiled.php(9384): call_user_func_array(Array, Array)
#12 [internal function]: Illuminate\Pipeline\Pipeline->Illuminate\Pipeline\{closure}(Object(Illuminate\Http\Request))
#13 E:\code\blog\bootstrap\cache\compiled.php(9374): call_user_func(Object(Closure), Object(Illuminate\Http\Request))
#14 E:\code\blog\bootstrap\cache\compiled.php(1997): Illuminate\Pipeline\Pipeline->then(Object(Closure))
#15 E:\code\blog\bootstrap\cache\compiled.php(1983): Illuminate\Foundation\Http\Kernel->sendRequestThroughRouter(Object(Illuminate\Http\Request))
#16 E:\code\blog\public\index.php(64): Illuminate\Foundation\Http\Kernel->handle(Object(Illuminate\Http\Request))
#17 {main}  
[2016-05-17 06:06:27] local.ERROR: exception 'RuntimeException' with message 'No supported encrypter found. The cipher and / or key length are invalid.' in E:\code\blog\bootstrap\cache\compiled.php:6904
Stack trace:
#0 E:\code\blog\bootstrap\cache\compiled.php(1057): Illuminate\Encryption\EncryptionServiceProvider->Illuminate\Encryption\{closure}(Object(Illuminate\Foundation\Application), Array)
#1 E:\code\blog\bootstrap\cache\compiled.php(1010): Illuminate\Container\Container->build(Object(Closure), Array)
#2 E:\code\blog\bootstrap\cache\compiled.php(1536): Illuminate\Container\Container->make('encrypter', Array)
#3 E:\code\blog\bootstrap\cache\compiled.php(1102): Illuminate\Foundation\Application->make('Illuminate\\Cont...')
#4 E:\code\blog\bootstrap\cache\compiled.php(1086): Illuminate\Container\Container->resolveClass(Object(ReflectionParameter))
#5 E:\code\blog\bootstrap\cache\compiled.php(1072): Illuminate\Container\Container->getDependencies(Array, Array)
#6 E:\code\blog\bootstrap\cache\compiled.php(1010): Illuminate\Container\Container->build('App\\Http\\Middle...', Array)
#7 E:\code\blog\bootstrap\cache\compiled.php(1536): Illuminate\Container\Container->make('App\\Http\\Middle...', Array)
#8 E:\code\blog\bootstrap\cache\compiled.php(2004): Illuminate\Foundation\Application->make('App\\Http\\Middle...')
#9 E:\code\blog\public\index.php(68): Illuminate\Foundation\Http\Kernel->terminate(Object(Illuminate\Http\Request), Object(Illuminate\Http\Response))
#10 {main}  
